<?xml version="1.0" encoding="UTF-8"?>
<robot generator="Robot 3.0.2 (Python 3.5.2 on linux)" generated="20171201 22:48:37.254">
<suite id="s1" name="Test" source="/home/acxer/Documents/robot-testing/test.robot">
<test id="s1-t1" name="User must be able to open jimms.fi">
<kw name="Open Browser" library="SeleniumLibrary">
<doc>Opens a new browser instance to the given ``url``.</doc>
<arguments>
<arg>${PAGE}</arg>
<arg>${BROWSER}</arg>
</arguments>
<msg level="INFO" timestamp="20171201 22:48:37.361">Opening browser 'ff' to base url 'http://www.jimms.fi'.</msg>
<status starttime="20171201 22:48:37.361" status="PASS" endtime="20171201 22:48:43.499"></status>
</kw>
<tags>
<tag>Smoke</tag>
</tags>
<status critical="yes" starttime="20171201 22:48:37.361" status="PASS" endtime="20171201 22:48:43.499"></status>
</test>
<test id="s1-t2" name="Search for the GPU and press enter">
<kw name="Input Text" library="SeleniumLibrary">
<doc>Types the given ``text`` into text field identified by ``locator``.</doc>
<arguments>
<arg>name:q</arg>
<arg>GTX 1080Ti</arg>
</arguments>
<msg level="INFO" timestamp="20171201 22:48:43.511">Typing text 'GTX 1080Ti' into text field 'name:q'.</msg>
<status starttime="20171201 22:48:43.502" status="PASS" endtime="20171201 22:48:43.560"></status>
</kw>
<kw name="Press Key" library="SeleniumLibrary">
<doc>Simulates user pressing key on element identified by ``locator``.</doc>
<arguments>
<arg>name:q</arg>
<arg>\\13</arg>
</arguments>
<status starttime="20171201 22:48:43.561" status="PASS" endtime="20171201 22:48:43.582"></status>
</kw>
<status critical="yes" starttime="20171201 22:48:43.501" status="PASS" endtime="20171201 22:48:43.582"></status>
</test>
<test id="s1-t3" name="Click add to basket on the first GPU found">
<kw name="Wait Until Element Is Visible" library="SeleniumLibrary">
<doc>Waits until element ``locator`` is visible.</doc>
<arguments>
<arg>xpath=//a[contains(text(),'LISÄÄ KORIIN')]</arg>
</arguments>
<status starttime="20171201 22:48:43.582" status="PASS" endtime="20171201 22:48:44.093"></status>
</kw>
<kw name="Click Element" library="SeleniumLibrary">
<doc>Click element identified by ``locator``.</doc>
<arguments>
<arg>xpath=//a[contains(text(),'LISÄÄ KORIIN')]</arg>
</arguments>
<msg level="INFO" timestamp="20171201 22:48:44.093">Clicking element 'xpath=//a[contains(text(),'LISÄÄ KORIIN')]'.</msg>
<status starttime="20171201 22:48:44.093" status="PASS" endtime="20171201 22:48:44.340"></status>
</kw>
<kw name="Close Browser" library="SeleniumLibrary">
<doc>Closes the current browser.</doc>
<status starttime="20171201 22:48:44.340" status="PASS" endtime="20171201 22:48:44.496"></status>
</kw>
<status critical="yes" starttime="20171201 22:48:43.582" status="PASS" endtime="20171201 22:48:44.496"></status>
</test>
<status starttime="20171201 22:48:37.255" status="PASS" endtime="20171201 22:48:44.497"></status>
</suite>
<statistics>
<total>
<stat pass="3" fail="0">Critical Tests</stat>
<stat pass="3" fail="0">All Tests</stat>
</total>
<tag>
<stat pass="1" fail="0">Smoke</stat>
</tag>
<suite>
<stat pass="3" id="s1" name="Test" fail="0">Test</stat>
</suite>
</statistics>
<errors>
</errors>
</robot>
